[INFO ] 2022-04-17 10:43:24 [main] utils.InitializeVehicle - Vehicle | Vehicles parsed successfully
[INFO ] 2022-04-17 10:43:24 [main] utils.InitializeFerry - Ferry | Ferry parsed successfully
[INFO ] 2022-04-17 10:43:24 [pool-2-thread-1] thread.VehicleThread - Vehicle №0 - drove up to the Ferry
[INFO ] 2022-04-17 10:43:25 [pool-2-thread-2] thread.VehicleThread - Vehicle №1 - drove up to the Ferry
[INFO ] 2022-04-17 10:43:26 [pool-2-thread-3] thread.VehicleThread - Vehicle №2 - drove up to the Ferry
[INFO ] 2022-04-17 10:43:27 [pool-2-thread-4] thread.VehicleThread - Vehicle №3 - drove up to the Ferry
[INFO ] 2022-04-17 10:43:28 [pool-2-thread-5] thread.VehicleThread - Vehicle №4 - drove up to the Ferry
[INFO ] 2022-04-17 10:43:29 [pool-2-thread-6] thread.VehicleThread - Vehicle №5 - drove up to the Ferry
[INFO ] 2022-04-17 10:43:30 [pool-2-thread-7] thread.VehicleThread - Vehicle №6 - drove up to the Ferry
[INFO ] 2022-04-17 10:43:31 [pool-3-thread-1] thread.FerryThread - Vehicle №0 - was loaded on a ferry.
[INFO ] 2022-04-17 10:43:31 [pool-3-thread-1] thread.FerryThread - Vehicle №1 - was loaded on a ferry.
[INFO ] 2022-04-17 10:43:31 [pool-3-thread-1] thread.FerryThread - Vehicle №2 - was loaded on a ferry.
[INFO ] 2022-04-17 10:43:31 [pool-3-thread-1] thread.FerryThread - Vehicle №3 - was loaded on a ferry.
[INFO ] 2022-04-17 10:43:31 [pool-3-thread-1] thread.FerryThread - Vehicle №4 - not suitable on a ferry.
[INFO ] 2022-04-17 10:43:31 [pool-3-thread-1] thread.FerryThread - Vehicle №5 - not suitable on a ferry.
[INFO ] 2022-04-17 10:43:31 [pool-3-thread-1] thread.FerryThread - Vehicle №6 - was loaded on a ferry.
[INFO ] 2022-04-17 10:43:34 [pool-3-thread-1] thread.FerryThread - Vehicle №4 - not suitable on a ferry.
[INFO ] 2022-04-17 10:43:34 [pool-3-thread-1] thread.FerryThread - Vehicle №5 - not suitable on a ferry.
[INFO ] 2022-04-17 10:43:34 [pool-3-thread-1] thread.FerryThread - The ferry set off!
[INFO ] 2022-04-17 10:43:37 [pool-3-thread-1] thread.FerryThread - The ferry is on the other side!
[INFO ] 2022-04-17 10:43:37 [pool-2-thread-3] thread.VehicleThread - Vehicle №2 - was transported.
[INFO ] 2022-04-17 10:43:37 [pool-2-thread-7] thread.VehicleThread - Vehicle №6 - was transported.
[INFO ] 2022-04-17 10:43:37 [pool-2-thread-4] thread.VehicleThread - Vehicle №3 - was transported.
[INFO ] 2022-04-17 10:43:37 [pool-2-thread-2] thread.VehicleThread - Vehicle №1 - was transported.
[INFO ] 2022-04-17 10:43:37 [pool-2-thread-1] thread.VehicleThread - Vehicle №0 - was transported.
[INFO ] 2022-04-17 10:43:40 [pool-3-thread-1] thread.FerryThread - The ferry is back and ready for loading!
[INFO ] 2022-04-17 10:43:40 [pool-3-thread-1] thread.FerryThread - Vehicle №4 - was loaded on a ferry.
[INFO ] 2022-04-17 10:43:40 [pool-3-thread-1] thread.FerryThread - Vehicle №5 - was loaded on a ferry.
[INFO ] 2022-04-17 10:43:43 [pool-3-thread-1] thread.FerryThread - The ferry set off!
[INFO ] 2022-04-17 10:43:46 [pool-3-thread-1] thread.FerryThread - The ferry is on the other side!
[INFO ] 2022-04-17 10:43:46 [pool-2-thread-6] thread.VehicleThread - Vehicle №5 - was transported.
[INFO ] 2022-04-17 10:43:46 [pool-2-thread-5] thread.VehicleThread - Vehicle №4 - was transported.
[INFO ] 2022-04-17 10:43:49 [pool-3-thread-1] thread.FerryThread - The ferry is back and ready for loading!
